\BOOKMARK [1][-]{section.1}{序論}{}% 1
\BOOKMARK [1][-]{section.2}{データベース構造}{}% 2
\BOOKMARK [1][-]{section.3}{ネイティブ通貨：bytes}{}% 3
\BOOKMARK [1][-]{section.4}{二重支払い}{}% 4
\BOOKMARK [1][-]{section.5}{メインチェーン}{}% 5
\BOOKMARK [1][-]{section.6}{witness}{}% 6
\BOOKMARK [1][-]{section.7}{ファイナリティ}{}% 7
\BOOKMARK [1][-]{section.8}{順番未決定ユニットの保存}{}% 8
\BOOKMARK [1][-]{section.9}{Balls}{}% 9
\BOOKMARK [1][-]{section.10}{最終ボール}{}% 10
\BOOKMARK [1][-]{section.11}{witnessリストユニット}{}% 11
\BOOKMARK [1][-]{section.12}{ユニット構造}{}% 12
\BOOKMARK [1][-]{section.13}{手数料}{}% 13
\BOOKMARK [1][-]{section.14}{承認時間}{}% 14
\BOOKMARK [1][-]{section.15}{分割リスク}{}% 15
\BOOKMARK [1][-]{section.16}{検閲}{}% 16
\BOOKMARK [1][-]{section.17}{witnessの選択}{}% 17
\BOOKMARK [1][-]{section.18}{スキップリスト}{}% 18
\BOOKMARK [1][-]{section.19}{ライトクライアント}{}% 19
\BOOKMARK [1][-]{section.20}{マルチシグ}{}% 20
\BOOKMARK [1][-]{section.21}{アドレス}{}% 21
\BOOKMARK [2][-]{subsection.21.1}{定義構文}{section.21}% 22
\BOOKMARK [2][-]{subsection.21.2}{一般的な要件}{section.21}% 23
\BOOKMARK [1][-]{section.22}{プロフィール}{}% 24
\BOOKMARK [1][-]{section.23}{認証}{}% 25
\BOOKMARK [1][-]{section.24}{アセット}{}% 26
\BOOKMARK [2][-]{subsection.24.1}{銀行発行アセット}{section.24}% 27
\BOOKMARK [2][-]{subsection.24.2}{非金融アセット}{section.24}% 28
\BOOKMARK [2][-]{subsection.24.3}{社債}{section.24}% 29
\BOOKMARK [2][-]{subsection.24.4}{商品担保債権}{section.24}% 30
\BOOKMARK [2][-]{subsection.24.5}{ファンド}{section.24}% 31
\BOOKMARK [2][-]{subsection.24.6}{決済}{section.24}% 32
\BOOKMARK [1][-]{section.25}{匿名支払い}{}% 33
\BOOKMARK [1][-]{section.26}{固定金種アセット}{}% 34
\BOOKMARK [1][-]{section.27}{テキスト}{}% 35
\BOOKMARK [1][-]{section.28}{任意の構造化データ}{}% 36
\BOOKMARK [1][-]{section.29}{投票}{}% 37
\BOOKMARK [1][-]{section.30}{匿名メッセージのやり取り}{}% 38
\BOOKMARK [1][-]{section.31}{Conclusion}{}% 39
